On branch master
Your branch is up-to-date with 'origin/master'.
nothing to commit, working directory clean
[master cbd52f9] Make Alarm Clock
 3 files changed, 4 insertions(+), 1 deletion(-)
[master bd262b6] Make Alarm Clock
 4 files changed, 4 insertions(+), 2 deletions(-)
 rename alarm.c => alarm.cpp (100%)
[master abe7f16] Make Alarm Clock
 4 files changed, 41 insertions(+)
 rewrite alarm (77%)
 create mode 100644 alarm.h
[master 8862280] Make Alarm Clock
 3 files changed, 35 insertions(+)
 rewrite alarm (86%)
[master f1399de] Make Alarm Clock
 3 files changed, 4 insertions(+), 1 deletion(-)
[master 91cf90a] Make Alarm Clock
 3 files changed, 3 insertions(+), 1 deletion(-)
[master 2c7e1a1] Make Alarm Clock
 3 files changed, 3 insertions(+), 1 deletion(-)
[master 21b8b80] Make Alarm Clock
 3 files changed, 3 insertions(+), 1 deletion(-)
[master f21596d] Make Alarm Clock
 3 files changed, 3 insertions(+), 1 deletion(-)
[master 933db0e] Make Alarm Clock
 3 files changed, 3 insertions(+), 1 deletion(-)
[master 133545d] Make Alarm Clock
 3 files changed, 4 insertions(+)
[master a546350] Make Alarm Clock
 4 files changed, 3 insertions(+), 1 deletion(-)
 create mode 100755 .nfs000000000330748300000112
[master c861b8b] Make Alarm Clock
 3 files changed, 5 insertions(+), 1 deletion(-)
